face-detection/openCVSamplefacedetection/build/outputs/logs/manifest-merger-debug-report.txt
-- Merging decision tree log ---
manifest
ADDED from src\main\AndroidManifest.xml:2:1-51:12
	package
		ADDED from src\main\AndroidManifest.xml:3:11-50
		INJECTED from src\main\AndroidManifest.xml
		INJECTED from src\main\AndroidManifest.xml
	android:versionName
		ADDED from src\main\AndroidManifest.xml:5:11-36
		INJECTED from src\main\AndroidManifest.xml
		INJECTED from src\main\AndroidManifest.xml
	android:versionCode
		ADDED from src\main\AndroidManifest.xml:4:11-35
		INJECTED from src\main\AndroidManifest.xml
		INJECTED from src\main\AndroidManifest.xml
	xmlns:android
		ADDED from src\main\AndroidManifest.xml:2:11-69
supports-screens
ADDED from src\main\AndroidManifest.xml:6:5-11:39
	android:largeScreens
		ADDED from src\main\AndroidManifest.xml:8:9-36
	android:smallScreens
		ADDED from src\main\AndroidManifest.xml:11:9-36
	android:normalScreens
		ADDED from src\main\AndroidManifest.xml:9:9-37
	android:resizeable
		ADDED from src\main\AndroidManifest.xml:10:9-34
	android:anyDensity
		ADDED from src\main\AndroidManifest.xml:7:9-34
uses-permission#android.permission.CAMERA
ADDED from src\main\AndroidManifest.xml:12:5-65
	android:name
		ADDED from src\main\AndroidManifest.xml:12:22-62
uses-permission#android.permission.INTERNET
ADDED from src\main\AndroidManifest.xml:13:5-67
	android:name
		ADDED from src\main\AndroidManifest.xml:13:22-64
uses-permission#android.permission.WRITE_EXTERNAL_STORAGE
ADDED from src\main\AndroidManifest.xml:14:5-81
	android:name
		ADDED from src\main\AndroidManifest.xml:14:22-78
uses-permission#android.permission.READ_EXTERNAL_STORAGE
ADDED from src\main\AndroidManifest.xml:15:5-80
	android:name
		ADDED from src\main\AndroidManifest.xml:15:22-77
application
ADDED from src\main\AndroidManifest.xml:16:5-42:19
MERGED from [gun0912.ted:tedpermission:2.0.0] AndroidManifest.xml:9:5-13:19
MERGED from [com.android.support:design:24.0.0] AndroidManifest.xml:22:5-20
MERGED from [com.android.support:appcompat-v7:24.0.0] AndroidManifest.xml:25:5-20
MERGED from [com.android.support:animated-vector-drawable:24.0.0] AndroidManifest.xml:22:5-20
MERGED from [com.android.support:support-vector-drawable:24.0.0] AndroidManifest.xml:23:5-20
MERGED from [com.android.support:cardview-v7:24.0.0] AndroidManifest.xml:22:5-20
MERGED from [com.github.gcacace:signature-pad:1.2.0] AndroidManifest.xml:11:5-20
MERGED from [com.github.barteksc:pdfium-android:1.4.0] AndroidManifest.xml:11:5-14:19
MERGED from [com.android.support:support-v4:24.0.0] AndroidManifest.xml:25:5-20
	android:label
		ADDED from src\main\AndroidManifest.xml:17:9-41
	android:icon
		ADDED from src\main\AndroidManifest.xml:18:9-38
	android:allowBackup
		ADDED from [com.github.barteksc:pdfium-android:1.4.0] AndroidManifest.xml:12:9-35
	android:theme
		ADDED from src\main\AndroidManifest.xml:19:9-67
activity#org.opencv.samples.facedetect.CameraActivity
ADDED from src\main\AndroidManifest.xml:21:9-26:39
	android:screenOrientation
		ADDED from src\main\AndroidManifest.xml:24:13-49
	android:label
		ADDED from src\main\AndroidManifest.xml:23:13-45
	android:noHistory
		ADDED from src\main\AndroidManifest.xml:26:13-37
	android:theme
		ADDED from src\main\AndroidManifest.xml:25:13-51
	android:name
		ADDED from src\main\AndroidManifest.xml:22:13-43
activity#org.opencv.samples.facedetect.ClientSignActivity
ADDED from src\main\AndroidManifest.xml:27:9-30:39
	android:noHistory
		ADDED from src\main\AndroidManifest.xml:30:13-37
	android:theme
		ADDED from src\main\AndroidManifest.xml:29:13-51
	android:name
		ADDED from src\main\AndroidManifest.xml:28:13-47
activity#org.opencv.samples.facedetect.Administrator
ADDED from src\main\AndroidManifest.xml:31:9-89
	android:theme
		ADDED from src\main\AndroidManifest.xml:31:49-87
	android:name
		ADDED from src\main\AndroidManifest.xml:31:19-48
activity#org.opencv.samples.facedetect.ClientMainActivity
ADDED from src\main\AndroidManifest.xml:32:9-95
	android:theme
		ADDED from src\main\AndroidManifest.xml:32:55-93
	android:name
		ADDED from src\main\AndroidManifest.xml:32:19-53
activity#org.opencv.samples.facedetect.MainActivity
ADDED from src\main\AndroidManifest.xml:33:9-40:20
	android:noHistory
		ADDED from src\main\AndroidManifest.xml:35:13-37
	android:name
		ADDED from src\main\AndroidManifest.xml:34:13-41
intent-filter#android.intent.action.MAIN+android.intent.category.LAUNCHER
ADDED from src\main\AndroidManifest.xml:36:13-39:29
action#android.intent.action.MAIN
ADDED from src\main\AndroidManifest.xml:37:17-69
	android:name
		ADDED from src\main\AndroidManifest.xml:37:25-66
category#android.intent.category.LAUNCHER
ADDED from src\main\AndroidManifest.xml:38:17-77
	android:name
		ADDED from src\main\AndroidManifest.xml:38:27-74
activity#org.opencv.samples.facedetect.PDFViewActivity
ADDED from src\main\AndroidManifest.xml:41:9-92
	android:theme
		ADDED from src\main\AndroidManifest.xml:41:51-89
	android:name
		ADDED from src\main\AndroidManifest.xml:41:19-50
uses-sdk
ADDED from src\main\AndroidManifest.xml:44:5-44
MERGED from [face-detection:openCVLibrary300:unspecified] AndroidManifest.xml:7:5-9:40
MERGED from [gun0912.ted:tedpermission:2.0.0] AndroidManifest.xml:5:5-7:41
MERGED from [com.android.support:design:24.0.0] AndroidManifest.xml:20:5-43
MERGED from [com.android.support:appcompat-v7:24.0.0] AndroidManifest.xml:21:5-23:78
MERGED from [com.android.support:animated-vector-drawable:24.0.0] AndroidManifest.xml:20:5-44
MERGED from [com.android.support:support-vector-drawable:24.0.0] AndroidManifest.xml:21:5-43
MERGED from [com.android.support:cardview-v7:24.0.0] AndroidManifest.xml:20:5-43
MERGED from [com.android.support:recyclerview-v7:24.0.0] AndroidManifest.xml:20:5-43
MERGED from [com.github.gcacace:signature-pad:1.2.0] AndroidManifest.xml:7:5-9:41
MERGED from [com.github.barteksc:android-pdf-viewer:1.4.0] AndroidManifest.xml:7:5-9:41
MERGED from [com.github.barteksc:pdfium-android:1.4.0] AndroidManifest.xml:7:5-9:41
MERGED from [com.android.support:support-v4:24.0.0] AndroidManifest.xml:21:5-23:54
	tools:overrideLibrary
		ADDED from [com.android.support:appcompat-v7:24.0.0] AndroidManifest.xml:23:9-75
	android:targetSdkVersion
		INJECTED from src\main\AndroidManifest.xml
		INJECTED from src\main\AndroidManifest.xml
	android:minSdkVersion
		ADDED from src\main\AndroidManifest.xml:44:15-41
		INJECTED from src\main\AndroidManifest.xml
		INJECTED from src\main\AndroidManifest.xml
uses-feature#android.hardware.camera
ADDED from src\main\AndroidManifest.xml:46:5-84
	android:required
		ADDED from src\main\AndroidManifest.xml:46:58-82
	android:name
		ADDED from src\main\AndroidManifest.xml:46:19-57
uses-feature#android.hardware.camera.autofocus
ADDED from src\main\AndroidManifest.xml:47:5-94
	android:required
		ADDED from src\main\AndroidManifest.xml:47:68-92
	android:name
		ADDED from src\main\AndroidManifest.xml:47:19-67
uses-feature#android.hardware.camera.front
ADDED from src\main\AndroidManifest.xml:48:5-90
	android:required
		ADDED from src\main\AndroidManifest.xml:48:64-88
	android:name
		ADDED from src\main\AndroidManifest.xml:48:19-63
uses-feature#android.hardware.camera.front.autofocus
ADDED from src\main\AndroidManifest.xml:49:5-100
	android:required
		ADDED from src\main\AndroidManifest.xml:49:74-98
	android:name
		ADDED from src\main\AndroidManifest.xml:49:19-73
activity#com.gun0912.tedpermission.TedPermissionActivity
ADDED from [gun0912.ted:tedpermission:2.0.0] AndroidManifest.xml:10:9-12:67
	android:theme
		ADDED from [gun0912.ted:tedpermission:2.0.0] AndroidManifest.xml:12:13-64
	android:name
		ADDED from [gun0912.ted:tedpermission:2.0.0] AndroidManifest.xml:11:13-75